{"/Users/chrislu/Desktop/OnlineOrderWeb/frontend/src/components/Header/Header.js": {"path":"/Users/chrislu/Desktop/OnlineOrderWeb/frontend/src/components/Header/Header.js","statementMap":{"0":{"start":{"line":11,"column":19},"end":{"line":11,"column":28}},"1":{"start":{"line":12,"column":19},"end":{"line":12,"column":32}},"2":{"start":{"line":13,"column":40},"end":{"line":13,"column":54}},"3":{"start":{"line":15,"column":2},"end":{"line":20,"column":9}},"4":{"start":{"line":16,"column":24},"end":{"line":18,"column":6}},"5":{"start":{"line":17,"column":6},"end":{"line":17,"column":27}},"6":{"start":{"line":19,"column":4},"end":{"line":19,"column":23}},"7":{"start":{"line":22,"column":17},"end":{"line":29,"column":3}},"8":{"start":{"line":23,"column":4},"end":{"line":28,"column":5}},"9":{"start":{"line":24,"column":6},"end":{"line":24,"column":27}},"10":{"start":{"line":25,"column":6},"end":{"line":25,"column":20}},"11":{"start":{"line":27,"column":6},"end":{"line":27,"column":50}},"12":{"start":{"line":33,"column":2},"end":{"line":88,"column":4}},"13":{"start":{"line":52,"column":22},"end":{"line":52,"column":41}},"14":{"start":{"line":53,"column":22},"end":{"line":53,"column":31}}},"fnMap":{"0":{"name":"Header","decl":{"start":{"line":7,"column":24},"end":{"line":7,"column":30}},"loc":{"start":{"line":7,"column":33},"end":{"line":89,"column":1}},"line":7},"1":{"name":"(anonymous_1)","decl":{"start":{"line":15,"column":12},"end":{"line":15,"column":13}},"loc":{"start":{"line":15,"column":18},"end":{"line":20,"column":3}},"line":15},"2":{"name":"(anonymous_2)","decl":{"start":{"line":16,"column":48},"end":{"line":16,"column":49}},"loc":{"start":{"line":16,"column":58},"end":{"line":18,"column":5}},"line":16},"3":{"name":"(anonymous_3)","decl":{"start":{"line":22,"column":17},"end":{"line":22,"column":18}},"loc":{"start":{"line":22,"column":29},"end":{"line":29,"column":3}},"line":22},"4":{"name":"(anonymous_4)","decl":{"start":{"line":51,"column":29},"end":{"line":51,"column":30}},"loc":{"start":{"line":51,"column":36},"end":{"line":54,"column":21}},"line":51}},"branchMap":{"0":{"loc":{"start":{"line":41,"column":13},"end":{"line":64,"column":13}},"type":"cond-expr","locations":[{"start":{"line":42,"column":14},"end":{"line":59,"column":19}},{"start":{"line":61,"column":14},"end":{"line":63,"column":19}}],"line":41},"1":{"loc":{"start":{"line":44,"column":19},"end":{"line":44,"column":63}},"type":"binary-expr","locations":[{"start":{"line":44,"column":19},"end":{"line":44,"column":42}},{"start":{"line":44,"column":46},"end":{"line":44,"column":63}}],"line":44},"2":{"loc":{"start":{"line":67,"column":15},"end":{"line":82,"column":15}},"type":"cond-expr","locations":[{"start":{"line":68,"column":16},"end":{"line":77,"column":23}},{"start":{"line":79,"column":16},"end":{"line":81,"column":23}}],"line":67},"3":{"loc":{"start":{"line":70,"column":19},"end":{"line":76,"column":19}},"type":"cond-expr","locations":[{"start":{"line":71,"column":20},"end":{"line":73,"column":27}},{"start":{"line":75,"column":20},"end":{"line":75,"column":65}}],"line":70}},"s":{"0":5,"1":5,"2":5,"3":5,"4":3,"5":3,"6":3,"7":5,"8":1,"9":1,"10":1,"11":0,"12":5,"13":1,"14":1},"f":{"0":5,"1":3,"2":3,"3":1,"4":1},"b":{"0":[2,3],"1":[2,0],"2":[2,3],"3":[2,0]},"_coverageSchema":"1a1c01bbd47fc00a2c39e90264f33305004495a9","hash":"330bf97a5ee605e1ad1825209b794aef8d1ee95a"}
,"/Users/chrislu/Desktop/OnlineOrderWeb/frontend/src/components/Search/Search.js": {"path":"/Users/chrislu/Desktop/OnlineOrderWeb/frontend/src/components/Search/Search.js","statementMap":{"0":{"start":{"line":6,"column":26},"end":{"line":6,"column":38}},"1":{"start":{"line":7,"column":19},"end":{"line":7,"column":32}},"2":{"start":{"line":8,"column":25},"end":{"line":8,"column":36}},"3":{"start":{"line":10,"column":17},"end":{"line":13,"column":3}},"4":{"start":{"line":11,"column":4},"end":{"line":11,"column":38}},"5":{"start":{"line":12,"column":4},"end":{"line":12,"column":55}},"6":{"start":{"line":15,"column":2},"end":{"line":26,"column":4}},"7":{"start":{"line":20,"column":25},"end":{"line":20,"column":48}},"8":{"start":{"line":21,"column":24},"end":{"line":21,"column":53}}},"fnMap":{"0":{"name":"Search","decl":{"start":{"line":5,"column":24},"end":{"line":5,"column":30}},"loc":{"start":{"line":5,"column":33},"end":{"line":27,"column":1}},"line":5},"1":{"name":"(anonymous_1)","decl":{"start":{"line":10,"column":17},"end":{"line":10,"column":18}},"loc":{"start":{"line":10,"column":29},"end":{"line":13,"column":3}},"line":10},"2":{"name":"(anonymous_2)","decl":{"start":{"line":20,"column":18},"end":{"line":20,"column":19}},"loc":{"start":{"line":20,"column":25},"end":{"line":20,"column":48}},"line":20},"3":{"name":"(anonymous_3)","decl":{"start":{"line":21,"column":17},"end":{"line":21,"column":18}},"loc":{"start":{"line":21,"column":24},"end":{"line":21,"column":53}},"line":21}},"branchMap":{"0":{"loc":{"start":{"line":12,"column":4},"end":{"line":12,"column":54}},"type":"cond-expr","locations":[{"start":{"line":12,"column":11},"end":{"line":12,"column":38}},{"start":{"line":12,"column":41},"end":{"line":12,"column":54}}],"line":12},"1":{"loc":{"start":{"line":21,"column":24},"end":{"line":21,"column":53}},"type":"binary-expr","locations":[{"start":{"line":21,"column":24},"end":{"line":21,"column":41}},{"start":{"line":21,"column":45},"end":{"line":21,"column":53}}],"line":21}},"s":{"0":26,"1":25,"2":25,"3":25,"4":3,"5":3,"6":25,"7":24,"8":25},"f":{"0":26,"1":3,"2":24,"3":25},"b":{"0":[2,1],"1":[25,1]},"_coverageSchema":"1a1c01bbd47fc00a2c39e90264f33305004495a9","hash":"20f8e632893d57a97a3f76d443de3a4c9bdd5f0c"}
,"/Users/chrislu/Desktop/OnlineOrderWeb/frontend/src/components/Tags/Tags.js": {"path":"/Users/chrislu/Desktop/OnlineOrderWeb/frontend/src/components/Tags/Tags.js","statementMap":{"0":{"start":{"line":6,"column":2},"end":{"line":18,"column":4}},"1":{"start":{"line":12,"column":8},"end":{"line":15,"column":15}}},"fnMap":{"0":{"name":"Tags","decl":{"start":{"line":5,"column":24},"end":{"line":5,"column":28}},"loc":{"start":{"line":5,"column":52},"end":{"line":19,"column":1}},"line":5},"1":{"name":"(anonymous_1)","decl":{"start":{"line":11,"column":16},"end":{"line":11,"column":17}},"loc":{"start":{"line":12,"column":8},"end":{"line":15,"column":15}},"line":12}},"branchMap":{"0":{"loc":{"start":{"line":9,"column":31},"end":{"line":9,"column":63}},"type":"cond-expr","locations":[{"start":{"line":9,"column":45},"end":{"line":9,"column":52}},{"start":{"line":9,"column":55},"end":{"line":9,"column":63}}],"line":9},"1":{"loc":{"start":{"line":14,"column":11},"end":{"line":14,"column":70}},"type":"binary-expr","locations":[{"start":{"line":14,"column":11},"end":{"line":14,"column":23}},{"start":{"line":14,"column":27},"end":{"line":14,"column":50}},{"start":{"line":14,"column":54},"end":{"line":14,"column":70}}],"line":14}},"s":{"0":3,"1":15},"f":{"0":3,"1":15},"b":{"0":[1,2],"1":[15,10,10]},"_coverageSchema":"1a1c01bbd47fc00a2c39e90264f33305004495a9","hash":"643d32a5b6c2471d36179222533442d34e2e30ce"}
,"/Users/chrislu/Desktop/OnlineOrderWeb/frontend/src/components/Thumbnails/Thumbnails.js": {"path":"/Users/chrislu/Desktop/OnlineOrderWeb/frontend/src/components/Thumbnails/Thumbnails.js","statementMap":{"0":{"start":{"line":6,"column":2},"end":{"line":38,"column":4}},"1":{"start":{"line":9,"column":8},"end":{"line":35,"column":13}},"2":{"start":{"line":25,"column":20},"end":{"line":25,"column":56}}},"fnMap":{"0":{"name":"Thumbnails","decl":{"start":{"line":5,"column":24},"end":{"line":5,"column":34}},"loc":{"start":{"line":5,"column":46},"end":{"line":39,"column":1}},"line":5},"1":{"name":"(anonymous_1)","decl":{"start":{"line":8,"column":17},"end":{"line":8,"column":18}},"loc":{"start":{"line":9,"column":8},"end":{"line":35,"column":13}},"line":9},"2":{"name":"(anonymous_2)","decl":{"start":{"line":24,"column":36},"end":{"line":24,"column":37}},"loc":{"start":{"line":25,"column":20},"end":{"line":25,"column":56}},"line":25}},"branchMap":{"0":{"loc":{"start":{"line":19,"column":31},"end":{"line":19,"column":77}},"type":"cond-expr","locations":[{"start":{"line":19,"column":47},"end":{"line":19,"column":63}},{"start":{"line":19,"column":66},"end":{"line":19,"column":77}}],"line":19}},"s":{"0":3,"1":6,"2":6},"f":{"0":3,"1":6,"2":6},"b":{"0":[3,3]},"_coverageSchema":"1a1c01bbd47fc00a2c39e90264f33305004495a9","hash":"7fd96c75af42b6e16f6c2ad87e5f2997c4c4c4bd"}
,"/Users/chrislu/Desktop/OnlineOrderWeb/frontend/src/pages/restrictions/restrictions.js": {"path":"/Users/chrislu/Desktop/OnlineOrderWeb/frontend/src/pages/restrictions/restrictions.js","statementMap":{"0":{"start":{"line":5,"column":38},"end":{"line":5,"column":50}},"1":{"start":{"line":6,"column":58},"end":{"line":6,"column":70}},"2":{"start":{"line":7,"column":19},"end":{"line":7,"column":32}},"3":{"start":{"line":10,"column":23},"end":{"line":15,"column":3}},"4":{"start":{"line":11,"column":4},"end":{"line":11,"column":38}},"5":{"start":{"line":12,"column":4},"end":{"line":14,"column":5}},"6":{"start":{"line":13,"column":6},"end":{"line":13,"column":35}},"7":{"start":{"line":18,"column":28},"end":{"line":26,"column":3}},"8":{"start":{"line":19,"column":4},"end":{"line":25,"column":5}},"9":{"start":{"line":20,"column":6},"end":{"line":22,"column":8}},"10":{"start":{"line":21,"column":8},"end":{"line":21,"column":48}},"11":{"start":{"line":21,"column":30},"end":{"line":21,"column":47}},"12":{"start":{"line":24,"column":6},"end":{"line":24,"column":70}},"13":{"start":{"line":24,"column":43},"end":{"line":24,"column":68}},"14":{"start":{"line":29,"column":29},"end":{"line":31,"column":3}},"15":{"start":{"line":30,"column":4},"end":{"line":30,"column":55}},"16":{"start":{"line":34,"column":2},"end":{"line":40,"column":39}},"17":{"start":{"line":35,"column":25},"end":{"line":35,"column":57}},"18":{"start":{"line":36,"column":4},"end":{"line":36,"column":32}},"19":{"start":{"line":37,"column":4},"end":{"line":39,"column":5}},"20":{"start":{"line":38,"column":6},"end":{"line":38,"column":29}},"21":{"start":{"line":42,"column":2},"end":{"line":127,"column":4}},"22":{"start":{"line":95,"column":12},"end":{"line":122,"column":21}},"23":{"start":{"line":97,"column":29},"end":{"line":97,"column":59}}},"fnMap":{"0":{"name":"SearchBar","decl":{"start":{"line":4,"column":9},"end":{"line":4,"column":18}},"loc":{"start":{"line":4,"column":33},"end":{"line":128,"column":1}},"line":4},"1":{"name":"(anonymous_1)","decl":{"start":{"line":10,"column":23},"end":{"line":10,"column":24}},"loc":{"start":{"line":10,"column":34},"end":{"line":15,"column":3}},"line":10},"2":{"name":"(anonymous_2)","decl":{"start":{"line":18,"column":28},"end":{"line":18,"column":29}},"loc":{"start":{"line":18,"column":45},"end":{"line":26,"column":3}},"line":18},"3":{"name":"(anonymous_3)","decl":{"start":{"line":20,"column":30},"end":{"line":20,"column":31}},"loc":{"start":{"line":21,"column":8},"end":{"line":21,"column":48}},"line":21},"4":{"name":"(anonymous_4)","decl":{"start":{"line":21,"column":23},"end":{"line":21,"column":24}},"loc":{"start":{"line":21,"column":30},"end":{"line":21,"column":47}},"line":21},"5":{"name":"(anonymous_5)","decl":{"start":{"line":24,"column":30},"end":{"line":24,"column":31}},"loc":{"start":{"line":24,"column":43},"end":{"line":24,"column":68}},"line":24},"6":{"name":"(anonymous_6)","decl":{"start":{"line":29,"column":29},"end":{"line":29,"column":30}},"loc":{"start":{"line":29,"column":35},"end":{"line":31,"column":3}},"line":29},"7":{"name":"(anonymous_7)","decl":{"start":{"line":34,"column":12},"end":{"line":34,"column":13}},"loc":{"start":{"line":34,"column":18},"end":{"line":40,"column":3}},"line":34},"8":{"name":"(anonymous_8)","decl":{"start":{"line":94,"column":10},"end":{"line":94,"column":11}},"loc":{"start":{"line":95,"column":12},"end":{"line":122,"column":21}},"line":95},"9":{"name":"(anonymous_9)","decl":{"start":{"line":97,"column":23},"end":{"line":97,"column":24}},"loc":{"start":{"line":97,"column":29},"end":{"line":97,"column":59}},"line":97}},"branchMap":{"0":{"loc":{"start":{"line":12,"column":4},"end":{"line":14,"column":5}},"type":"if","locations":[{"start":{"line":12,"column":4},"end":{"line":14,"column":5}},{"start":{},"end":{}}],"line":12},"1":{"loc":{"start":{"line":19,"column":4},"end":{"line":25,"column":5}},"type":"if","locations":[{"start":{"line":19,"column":4},"end":{"line":25,"column":5}},{"start":{"line":23,"column":11},"end":{"line":25,"column":5}}],"line":19},"2":{"loc":{"start":{"line":37,"column":4},"end":{"line":39,"column":5}},"type":"if","locations":[{"start":{"line":37,"column":4},"end":{"line":39,"column":5}},{"start":{},"end":{}}],"line":37},"3":{"loc":{"start":{"line":103,"column":33},"end":{"line":105,"column":29}},"type":"cond-expr","locations":[{"start":{"line":104,"column":20},"end":{"line":104,"column":29}},{"start":{"line":105,"column":20},"end":{"line":105,"column":29}}],"line":103},"4":{"loc":{"start":{"line":106,"column":23},"end":{"line":108,"column":27}},"type":"cond-expr","locations":[{"start":{"line":107,"column":20},"end":{"line":107,"column":27}},{"start":{"line":108,"column":20},"end":{"line":108,"column":27}}],"line":106}},"s":{"0":5,"1":5,"2":5,"3":5,"4":1,"5":1,"6":1,"7":5,"8":0,"9":0,"10":0,"11":0,"12":0,"13":0,"14":5,"15":1,"16":5,"17":3,"18":3,"19":3,"20":3,"21":5,"22":30,"23":0},"f":{"0":5,"1":1,"2":0,"3":0,"4":0,"5":0,"6":1,"7":3,"8":30,"9":0},"b":{"0":[1,0],"1":[0,0],"2":[3,0],"3":[0,30],"4":[0,30]},"_coverageSchema":"1a1c01bbd47fc00a2c39e90264f33305004495a9","hash":"836b1d51dac62b21429e3101722d576da57324fd"}
}
