TN:
SF:frontend\src\components\Header\Header.js
FN:7,Header
FN:15,(anonymous_1)
FN:16,(anonymous_2)
FN:22,(anonymous_3)
FN:51,(anonymous_4)
FNF:5
FNH:5
FNDA:7,Header
FNDA:4,(anonymous_1)
FNDA:4,(anonymous_2)
FNDA:1,(anonymous_3)
FNDA:1,(anonymous_4)
DA:11,7
DA:12,7
DA:13,7
DA:15,7
DA:16,4
DA:17,4
DA:19,4
DA:22,7
DA:23,1
DA:24,1
DA:25,1
DA:27,0
DA:33,7
DA:52,1
DA:53,1
LF:15
LH:14
BRDA:41,0,0,3
BRDA:41,0,1,4
BRDA:44,1,0,3
BRDA:44,1,1,0
BRDA:67,2,0,3
BRDA:67,2,1,4
BRDA:70,3,0,3
BRDA:70,3,1,0
BRF:8
BRH:6
end_of_record
TN:
SF:frontend\src\components\Search\Search.js
FN:5,Search
FN:10,(anonymous_1)
FN:20,(anonymous_2)
FN:21,(anonymous_3)
FNF:4
FNH:4
FNDA:26,Search
FNDA:3,(anonymous_1)
FNDA:24,(anonymous_2)
FNDA:25,(anonymous_3)
DA:6,26
DA:7,25
DA:8,25
DA:10,25
DA:11,3
DA:12,3
DA:15,25
DA:20,24
DA:21,25
LF:9
LH:9
BRDA:12,0,0,2
BRDA:12,0,1,1
BRDA:21,1,0,25
BRDA:21,1,1,1
BRF:4
BRH:4
end_of_record
TN:
SF:frontend\src\components\SwitchBar\switchBar.js
FN:3,(anonymous_0)
FN:10,(anonymous_1)
FN:19,(anonymous_2)
FNF:3
FNH:3
FNDA:6,(anonymous_0)
FNDA:2,(anonymous_1)
FNDA:2,(anonymous_2)
DA:3,1
DA:4,6
DA:6,6
DA:11,2
DA:12,2
DA:20,2
DA:21,2
LF:7
LH:7
BRDA:9,0,0,2
BRDA:9,0,1,4
BRDA:18,1,0,2
BRDA:18,1,1,4
BRF:4
BRH:4
end_of_record
TN:
SF:frontend\src\components\Tags\Tags.js
FN:5,Tags
FN:8,(anonymous_1)
FN:10,(anonymous_2)
FNF:3
FNH:3
FNDA:2,Tags
FNDA:10,(anonymous_1)
FNDA:1,(anonymous_2)
DA:6,2
DA:10,10
LF:2
LH:2
BRF:0
BRH:0
end_of_record
TN:
SF:frontend\src\components\Thumbnails\Thumbnails.js
FN:5,Thumbnails
FN:8,(anonymous_1)
FN:24,(anonymous_2)
FNF:3
FNH:3
FNDA:3,Thumbnails
FNDA:6,(anonymous_1)
FNDA:6,(anonymous_2)
DA:6,3
DA:9,6
DA:25,6
LF:3
LH:3
BRDA:19,0,0,3
BRDA:19,0,1,3
BRF:2
BRH:2
end_of_record
TN:
SF:frontend\src\pages\restrictions\restrictions.js
FN:4,SearchBar
FN:10,(anonymous_1)
FN:18,(anonymous_2)
FN:20,(anonymous_3)
FN:21,(anonymous_4)
FN:24,(anonymous_5)
FN:29,(anonymous_6)
FN:34,(anonymous_7)
FN:94,(anonymous_8)
FN:97,(anonymous_9)
FNF:10
FNH:5
FNDA:5,SearchBar
FNDA:1,(anonymous_1)
FNDA:0,(anonymous_2)
FNDA:0,(anonymous_3)
FNDA:0,(anonymous_4)
FNDA:0,(anonymous_5)
FNDA:1,(anonymous_6)
FNDA:3,(anonymous_7)
FNDA:30,(anonymous_8)
FNDA:0,(anonymous_9)
DA:5,5
DA:6,5
DA:7,5
DA:10,5
DA:11,1
DA:12,1
DA:13,1
DA:18,5
DA:19,0
DA:20,0
DA:21,0
DA:24,0
DA:29,5
DA:30,1
DA:34,5
DA:35,3
DA:36,3
DA:37,3
DA:38,3
DA:42,5
DA:95,30
DA:97,0
LF:22
LH:17
BRDA:12,0,0,1
BRDA:12,0,1,0
BRDA:19,1,0,0
BRDA:19,1,1,0
BRDA:37,2,0,3
BRDA:37,2,1,0
BRDA:103,3,0,0
BRDA:103,3,1,30
BRDA:106,4,0,0
BRDA:106,4,1,30
BRF:10
BRH:4
end_of_record
